<?xml version="1.0" encoding="utf-8" standalone="no"?>
<!--This file represents the results of running a test suite-->
<test-results name="C:\sprint_working\source\Integration\Smeedee.Integration.Tests\bin\Debug\Smeedee.Integration.Tests.dll" total="3" failures="0" not-run="0" date="2010-09-12" time="12:21:26">
  <environment nunit-version="2.2.10.0" clr-version="4.0.30319.1" os-version="Microsoft Windows NT 6.1.7600.0" platform="Win32NT" cwd="C:\sprint_working\tools\NUnit 2.2" machine-name="WIN-UDHD1CVM1GR" user="dagolap" user-domain="WIN-UDHD1CVM1GR" />
  <culture-info current-culture="nn-NO" current-uiculture="en-US" />
  <test-suite name="C:\sprint_working\source\Integration\Smeedee.Integration.Tests\bin\Debug\Smeedee.Integration.Tests.dll" success="True" time="17.617" asserts="0">
    <results>
      <test-suite name="C:\sprint_working\source\Integration\Smeedee.Integration.Tests\bin\Debug\Smeedee.Integration.Tests.dll" success="True" time="17.597" asserts="0">
        <results>
          <test-suite name="Smeedee" success="True" time="17.597" asserts="0">
            <results>
              <test-suite name="IntegrationTests" success="True" time="17.597" asserts="0">
                <results>
                  <test-suite name="Database" success="True" time="17.586" asserts="0">
                    <results>
                      <test-suite name="DomainModel" success="True" time="17.576" asserts="0">
                        <results>
                          <test-suite name="Repositories" success="True" time="17.576" asserts="0">
                            <results>
                              <test-suite name="RetrospectiveNoteRepositorySpecs" success="True" time="17.576" asserts="0">
                                <results>
                                  <test-suite name="When_saving_to_repository" success="True" time="17.565" asserts="0">
                                    <categories>
                                      <category name="IntegrationTest" />
                                    </categories>
                                    <results>
                                      <test-case name="Smeedee.IntegrationTests.Database.DomainModel.Repositories.RetrospectiveNoteRepositorySpecs.When_saving_to_repository.assure_database_rollbacks_to_previous_version_when_given_duplicate_data" executed="True" success="True" time="3.705" asserts="8" />
                                      <test-case name="Smeedee.IntegrationTests.Database.DomainModel.Repositories.RetrospectiveNoteRepositorySpecs.When_saving_to_repository.assure_database_throws_an_exception_when_given_duplicate_data" executed="True" success="True" time="2.163" asserts="0" />
                                      <test-case name="Smeedee.IntegrationTests.Database.DomainModel.Repositories.RetrospectiveNoteRepositorySpecs.When_saving_to_repository.assure_it_clears_database_for_notes_with_same_id_before_saving_enumerables" executed="True" success="True" time="2.193" asserts="1" />
                                    </results>
                                  </test-suite>
                                </results>
                              </test-suite>
                            </results>
                          </test-suite>
                        </results>
                      </test-suite>
                    </results>
                  </test-suite>
                </results>
              </test-suite>
            </results>
          </test-suite>
        </results>
      </test-suite>
    </results>
  </test-suite>
</test-results>